
> backend-node@1.0.0 start:dev
> nodemon --exec ts-node src/main.ts

[33m[nodemon] 3.1.10[39m
[33m[nodemon] to restart at any time, enter `rs`[39m
[33m[nodemon] watching path(s): *.*[39m
[33m[nodemon] watching extensions: ts,json[39m
[32m[nodemon] starting `ts-node src/main.ts`[39m
[32m[Nest] 83858  - [39m2025/06/20 14:04:30 [32m    LOG[39m [38;5;3m[NestFactory] [39m[32mStarting Nest application...[39m
[32m[Nest] 83858  - [39m2025/06/20 14:04:30 [32m    LOG[39m [38;5;3m[InstanceLoader] [39m[32mAppModule dependencies initialized[39m[38;5;3m +5ms[39m
[32m[Nest] 83858  - [39m2025/06/20 14:04:30 [32m    LOG[39m [38;5;3m[InstanceLoader] [39m[32mCustomersModule dependencies initialized[39m[38;5;3m +0ms[39m
[32m[Nest] 83858  - [39m2025/06/20 14:04:30 [32m    LOG[39m [38;5;3m[InstanceLoader] [39m[32mConfigHostModule dependencies initialized[39m[38;5;3m +0ms[39m
[32m[Nest] 83858  - [39m2025/06/20 14:04:30 [32m    LOG[39m [38;5;3m[InstanceLoader] [39m[32mServeStaticModule dependencies initialized[39m[38;5;3m +0ms[39m
[32m[Nest] 83858  - [39m2025/06/20 14:04:30 [32m    LOG[39m [38;5;3m[InstanceLoader] [39m[32mConfigModule dependencies initialized[39m[38;5;3m +0ms[39m
[32m[Nest] 83858  - [39m2025/06/20 14:04:31 [32m    LOG[39m [38;5;3m[RoutesResolver] [39m[32mHealthController {/}:[39m[38;5;3m +85ms[39m
[32m[Nest] 83858  - [39m2025/06/20 14:04:31 [32m    LOG[39m [38;5;3m[RouterExplorer] [39m[32mMapped {/health, GET} route[39m[38;5;3m +1ms[39m
[32m[Nest] 83858  - [39m2025/06/20 14:04:31 [32m    LOG[39m [38;5;3m[RouterExplorer] [39m[32mMapped {/info, GET} route[39m[38;5;3m +0ms[39m
[32m[Nest] 83858  - [39m2025/06/20 14:04:31 [32m    LOG[39m [38;5;3m[RoutesResolver] [39m[32mCustomersController {/api/customers}:[39m[38;5;3m +0ms[39m
[32m[Nest] 83858  - [39m2025/06/20 14:04:31 [32m    LOG[39m [38;5;3m[RouterExplorer] [39m[32mMapped {/api/customers, GET} route[39m[38;5;3m +0ms[39m
[32m[Nest] 83858  - [39m2025/06/20 14:04:31 [32m    LOG[39m [38;5;3m[RouterExplorer] [39m[32mMapped {/api/customers/search, GET} route[39m[38;5;3m +1ms[39m
[32m[Nest] 83858  - [39m2025/06/20 14:04:31 [32m    LOG[39m [38;5;3m[RouterExplorer] [39m[32mMapped {/api/customers/:id, GET} route[39m[38;5;3m +0ms[39m
[32m[Nest] 83858  - [39m2025/06/20 14:04:31 [32m    LOG[39m [38;5;3m[RouterExplorer] [39m[32mMapped {/api/customers, POST} route[39m[38;5;3m +0ms[39m
[32m[Nest] 83858  - [39m2025/06/20 14:04:31 [32m    LOG[39m [38;5;3m[RouterExplorer] [39m[32mMapped {/api/customers/:id, PATCH} route[39m[38;5;3m +0ms[39m
[32m[Nest] 83858  - [39m2025/06/20 14:04:31 [32m    LOG[39m [38;5;3m[RouterExplorer] [39m[32mMapped {/api/customers/:id, DELETE} route[39m[38;5;3m +0ms[39m
[32m[Nest] 83858  - [39m2025/06/20 14:04:31 [32m    LOG[39m [38;5;3m[NestApplication] [39m[32mNest application successfully started[39m[38;5;3m +1ms[39m
[31m[Nest] 83858  - [39m2025/06/20 14:04:31 [31m  ERROR[39m [38;5;3m[NestApplication] [39m[31mError: listen EADDRINUSE: address already in use :::3001[39m[38;5;3m +1ms[39m
Error: listen EADDRINUSE: address already in use :::3001
    at Server.setupListenHandle [as _listen2] (node:net:1908:16)
    at listenInCluster (node:net:1965:12)
    at Server.listen (node:net:2067:7)
    at ExpressAdapter.listen (/Users/apple/Documents/work/wlxt/01/wlxt/backend-node/node_modules/@nestjs/platform-express/adapters/express-adapter.js:108:32)
    at /Users/apple/Documents/work/wlxt/01/wlxt/backend-node/node_modules/@nestjs/core/nest-application.js:185:30
    at new Promise (<anonymous>)
    at NestApplication.listen (/Users/apple/Documents/work/wlxt/01/wlxt/backend-node/node_modules/@nestjs/core/nest-application.js:175:16)
    at async bootstrap (/Users/apple/Documents/work/wlxt/01/wlxt/backend-node/src/main.ts:44:3) {
  code: 'EADDRINUSE',
  errno: -48,
  syscall: 'listen',
  address: '::',
  port: 3001
}
[31m[nodemon] app crashed - waiting for file changes before starting...[39m
node:events:502
      throw er; // Unhandled 'error' event
      ^

Error: read EIO
    at TTY.onStreamRead (node:internal/stream_base_commons:218:20)
Emitted 'error' event on ReadStream instance at:
    at emitErrorNT (node:internal/streams/destroy:169:8)
    at emitErrorCloseNT (node:internal/streams/destroy:128:3)
    at process.processTicksAndRejections (node:internal/process/task_queues:82:21) {
  errno: -5,
  code: 'EIO',
  syscall: 'read'
}

Node.js v20.19.2
