
> backend-node@1.0.0 start:dev
> nodemon --exec ts-node src/main.ts

[33m[nodemon] 3.1.10[39m
[33m[nodemon] to restart at any time, enter `rs`[39m
[33m[nodemon] watching path(s): *.*[39m
[33m[nodemon] watching extensions: ts,json[39m
[32m[nodemon] starting `ts-node src/main.ts`[39m
[32m[Nest] 24206  - [39m2025/06/26 18:25:14 [32m    LOG[39m [38;5;3m[NestFactory] [39m[32mStarting Nest application...[39m
[32m[Nest] 24206  - [39m2025/06/26 18:25:14 [32m    LOG[39m [38;5;3m[InstanceLoader] [39m[32mTypeOrmModule dependencies initialized[39m[38;5;3m +40ms[39m
[32m[Nest] 24206  - [39m2025/06/26 18:25:14 [32m    LOG[39m [38;5;3m[InstanceLoader] [39m[32mAppModule dependencies initialized[39m[38;5;3m +0ms[39m
[32m[Nest] 24206  - [39m2025/06/26 18:25:14 [32m    LOG[39m [38;5;3m[InstanceLoader] [39m[32mConfigHostModule dependencies initialized[39m[38;5;3m +0ms[39m
[32m[Nest] 24206  - [39m2025/06/26 18:25:14 [32m    LOG[39m [38;5;3m[InstanceLoader] [39m[32mServeStaticModule dependencies initialized[39m[38;5;3m +0ms[39m
[32m[Nest] 24206  - [39m2025/06/26 18:25:14 [32m    LOG[39m [38;5;3m[InstanceLoader] [39m[32mConfigModule dependencies initialized[39m[38;5;3m +0ms[39m
[90m[4mquery:[24m[39m [94mSELECT[0m [95mVERSION[0m[37m([0m[37m)[0m [94mAS[0m [37m`version`[0m
[32m[Nest] 24206  - [39m2025/06/26 18:25:14 [32m    LOG[39m [38;5;3m[InstanceLoader] [39m[32mTypeOrmCoreModule dependencies initialized[39m[38;5;3m +18ms[39m
[32m[Nest] 24206  - [39m2025/06/26 18:25:14 [32m    LOG[39m [38;5;3m[InstanceLoader] [39m[32mTypeOrmModule dependencies initialized[39m[38;5;3m +0ms[39m
[32m[Nest] 24206  - [39m2025/06/26 18:25:14 [32m    LOG[39m [38;5;3m[InstanceLoader] [39m[32mTypeOrmModule dependencies initialized[39m[38;5;3m +0ms[39m
[32m[Nest] 24206  - [39m2025/06/26 18:25:14 [32m    LOG[39m [38;5;3m[InstanceLoader] [39m[32mTypeOrmModule dependencies initialized[39m[38;5;3m +0ms[39m
[32m[Nest] 24206  - [39m2025/06/26 18:25:14 [32m    LOG[39m [38;5;3m[InstanceLoader] [39m[32mTypeOrmModule dependencies initialized[39m[38;5;3m +0ms[39m
[32m[Nest] 24206  - [39m2025/06/26 18:25:14 [32m    LOG[39m [38;5;3m[InstanceLoader] [39m[32mCustomersModule dependencies initialized[39m[38;5;3m +1ms[39m
[32m[Nest] 24206  - [39m2025/06/26 18:25:14 [32m    LOG[39m [38;5;3m[InstanceLoader] [39m[32mUsersModule dependencies initialized[39m[38;5;3m +0ms[39m
[32m[Nest] 24206  - [39m2025/06/26 18:25:14 [32m    LOG[39m [38;5;3m[InstanceLoader] [39m[32mRolesModule dependencies initialized[39m[38;5;3m +0ms[39m
[32m[Nest] 24206  - [39m2025/06/26 18:25:14 [32m    LOG[39m [38;5;3m[InstanceLoader] [39m[32mPermissionsModule dependencies initialized[39m[38;5;3m +0ms[39m
[32m[Nest] 24206  - [39m2025/06/26 18:25:14 [32m    LOG[39m [38;5;3m[RoutesResolver] [39m[32mHealthController {/}:[39m[38;5;3m +14ms[39m
[32m[Nest] 24206  - [39m2025/06/26 18:25:14 [32m    LOG[39m [38;5;3m[RouterExplorer] [39m[32mMapped {/health, GET} route[39m[38;5;3m +1ms[39m
[32m[Nest] 24206  - [39m2025/06/26 18:25:14 [32m    LOG[39m [38;5;3m[RouterExplorer] [39m[32mMapped {/info, GET} route[39m[38;5;3m +0ms[39m
[32m[Nest] 24206  - [39m2025/06/26 18:25:14 [32m    LOG[39m [38;5;3m[RoutesResolver] [39m[32mUsersController {/users}:[39m[38;5;3m +0ms[39m
[32m[Nest] 24206  - [39m2025/06/26 18:25:14 [32m    LOG[39m [38;5;3m[RouterExplorer] [39m[32mMapped {/users, POST} route[39m[38;5;3m +1ms[39m
[32m[Nest] 24206  - [39m2025/06/26 18:25:14 [32m    LOG[39m [38;5;3m[RouterExplorer] [39m[32mMapped {/users, GET} route[39m[38;5;3m +0ms[39m
[32m[Nest] 24206  - [39m2025/06/26 18:25:14 [32m    LOG[39m [38;5;3m[RouterExplorer] [39m[32mMapped {/users/:id, GET} route[39m[38;5;3m +0ms[39m
[32m[Nest] 24206  - [39m2025/06/26 18:25:14 [32m    LOG[39m [38;5;3m[RouterExplorer] [39m[32mMapped {/users/:id, PATCH} route[39m[38;5;3m +0ms[39m
[32m[Nest] 24206  - [39m2025/06/26 18:25:14 [32m    LOG[39m [38;5;3m[RouterExplorer] [39m[32mMapped {/users/:id, DELETE} route[39m[38;5;3m +0ms[39m
[32m[Nest] 24206  - [39m2025/06/26 18:25:14 [32m    LOG[39m [38;5;3m[RoutesResolver] [39m[32mRolesController {/roles}:[39m[38;5;3m +0ms[39m
[32m[Nest] 24206  - [39m2025/06/26 18:25:14 [32m    LOG[39m [38;5;3m[RouterExplorer] [39m[32mMapped {/roles, POST} route[39m[38;5;3m +1ms[39m
[32m[Nest] 24206  - [39m2025/06/26 18:25:14 [32m    LOG[39m [38;5;3m[RouterExplorer] [39m[32mMapped {/roles, GET} route[39m[38;5;3m +0ms[39m
[32m[Nest] 24206  - [39m2025/06/26 18:25:14 [32m    LOG[39m [38;5;3m[RouterExplorer] [39m[32mMapped {/roles/:id, GET} route[39m[38;5;3m +0ms[39m
[32m[Nest] 24206  - [39m2025/06/26 18:25:14 [32m    LOG[39m [38;5;3m[RouterExplorer] [39m[32mMapped {/roles/:id, PATCH} route[39m[38;5;3m +0ms[39m
[32m[Nest] 24206  - [39m2025/06/26 18:25:14 [32m    LOG[39m [38;5;3m[RouterExplorer] [39m[32mMapped {/roles/:id, DELETE} route[39m[38;5;3m +0ms[39m
[32m[Nest] 24206  - [39m2025/06/26 18:25:14 [32m    LOG[39m [38;5;3m[RouterExplorer] [39m[32mMapped {/roles/:id/permissions, POST} route[39m[38;5;3m +0ms[39m
[32m[Nest] 24206  - [39m2025/06/26 18:25:14 [32m    LOG[39m [38;5;3m[RoutesResolver] [39m[32mPermissionsController {/permissions}:[39m[38;5;3m +0ms[39m
[32m[Nest] 24206  - [39m2025/06/26 18:25:14 [32m    LOG[39m [38;5;3m[RouterExplorer] [39m[32mMapped {/permissions, POST} route[39m[38;5;3m +0ms[39m
[32m[Nest] 24206  - [39m2025/06/26 18:25:14 [32m    LOG[39m [38;5;3m[RouterExplorer] [39m[32mMapped {/permissions, GET} route[39m[38;5;3m +0ms[39m
[32m[Nest] 24206  - [39m2025/06/26 18:25:14 [32m    LOG[39m [38;5;3m[RouterExplorer] [39m[32mMapped {/permissions/menu-tree, GET} route[39m[38;5;3m +1ms[39m
[32m[Nest] 24206  - [39m2025/06/26 18:25:14 [32m    LOG[39m [38;5;3m[RouterExplorer] [39m[32mMapped {/permissions/buttons, GET} route[39m[38;5;3m +0ms[39m
[32m[Nest] 24206  - [39m2025/06/26 18:25:14 [32m    LOG[39m [38;5;3m[RouterExplorer] [39m[32mMapped {/permissions/:id, GET} route[39m[38;5;3m +0ms[39m
[32m[Nest] 24206  - [39m2025/06/26 18:25:14 [32m    LOG[39m [38;5;3m[RouterExplorer] [39m[32mMapped {/permissions/:id, PATCH} route[39m[38;5;3m +0ms[39m
[32m[Nest] 24206  - [39m2025/06/26 18:25:14 [32m    LOG[39m [38;5;3m[RouterExplorer] [39m[32mMapped {/permissions/:id, DELETE} route[39m[38;5;3m +0ms[39m
[32m[Nest] 24206  - [39m2025/06/26 18:25:14 [32m    LOG[39m [38;5;3m[RoutesResolver] [39m[32mCustomersController {/api/customers}:[39m[38;5;3m +0ms[39m
[32m[Nest] 24206  - [39m2025/06/26 18:25:14 [32m    LOG[39m [38;5;3m[RouterExplorer] [39m[32mMapped {/api/customers, GET} route[39m[38;5;3m +0ms[39m
[32m[Nest] 24206  - [39m2025/06/26 18:25:14 [32m    LOG[39m [38;5;3m[RouterExplorer] [39m[32mMapped {/api/customers/search, GET} route[39m[38;5;3m +0ms[39m
[32m[Nest] 24206  - [39m2025/06/26 18:25:14 [32m    LOG[39m [38;5;3m[RouterExplorer] [39m[32mMapped {/api/customers/:id, GET} route[39m[38;5;3m +0ms[39m
[32m[Nest] 24206  - [39m2025/06/26 18:25:14 [32m    LOG[39m [38;5;3m[RouterExplorer] [39m[32mMapped {/api/customers, POST} route[39m[38;5;3m +0ms[39m
[32m[Nest] 24206  - [39m2025/06/26 18:25:14 [32m    LOG[39m [38;5;3m[RouterExplorer] [39m[32mMapped {/api/customers/:id, PATCH} route[39m[38;5;3m +0ms[39m
[32m[Nest] 24206  - [39m2025/06/26 18:25:14 [32m    LOG[39m [38;5;3m[RouterExplorer] [39m[32mMapped {/api/customers/:id, DELETE} route[39m[38;5;3m +0ms[39m
[32m[Nest] 24206  - [39m2025/06/26 18:25:14 [32m    LOG[39m [38;5;3m[NestApplication] [39m[32mNest application successfully started[39m[38;5;3m +2ms[39m
应用程序运行在: http://localhost:3000
API文档地址: http://localhost:3000/api
